
ForkJoinPool-1-worker-3:  - trySplit: splitted 1., size = 100
ForkJoinPool-1-worker-5: 1. - trySplit: splitted 1.1., size = 50
ForkJoinPool-1-worker-3:  - tryAdvance: size = 0
ForkJoinPool-1-worker-5: 1. - trySplit: splitted 1.2., size = 25
ForkJoinPool-1-worker-7: 1.1. - trySplit: splitted 1.1.1., size = 25
ForkJoinPool-1-worker-5: 1. - trySplit: splitted 1.3., size = 12
ForkJoinPool-1-worker-9: 1.2. - trySplit: splitted 1.2.1., size = 12
ForkJoinPool-1-worker-5: 1. - trySplit: splitted 1.4., size = 6
ForkJoinPool-1-worker-11: 1.1.1. - trySplit: splitted 1.1.1.1., size = 12
ForkJoinPool-1-worker-7: 1.1. - trySplit: splitted 1.1.2., size = 12
ForkJoinPool-1-worker-11: 1.1.1. - trySplit: splitted 1.1.1.2., size = 6
ForkJoinPool-1-worker-1: 1.2.1. - trySplit: splitted 1.2.1.1., size = 6
ForkJoinPool-1-worker-5: 1. - tryAdvance: size = 7
ForkJoinPool-1-worker-5: 1. - tryAdvance: size = 6
ForkJoinPool-1-worker-5: 1. - tryAdvance: size = 5
ForkJoinPool-1-worker-5: 1. - tryAdvance: size = 4
ForkJoinPool-1-worker-5: 1. - tryAdvance: size = 3
ForkJoinPool-1-worker-5: 1. - tryAdvance: size = 2
ForkJoinPool-1-worker-5: 1. - tryAdvance: size = 1
ForkJoinPool-1-worker-5: 1. - tryAdvance: size = 0
ForkJoinPool-1-worker-9: 1.2. - trySplit: splitted 1.2.2., size = 6
ForkJoinPool-1-worker-13: 1.3. - trySplit: splitted 1.3.1., size = 6
ForkJoinPool-1-worker-9: 1.2. - tryAdvance: size = 7
ForkJoinPool-1-worker-9: 1.2. - tryAdvance: size = 6
ForkJoinPool-1-worker-9: 1.2. - tryAdvance: size = 5
ForkJoinPool-1-worker-9: 1.2. - tryAdvance: size = 4
ForkJoinPool-1-worker-9: 1.2. - tryAdvance: size = 3
ForkJoinPool-1-worker-9: 1.2. - tryAdvance: size = 2
ForkJoinPool-1-worker-9: 1.2. - tryAdvance: size = 1
ForkJoinPool-1-worker-9: 1.2. - tryAdvance: size = 0
ForkJoinPool-1-worker-5: 1.1.2. - trySplit: splitted 1.1.2.1., size = 6
ForkJoinPool-1-worker-1: 1.2.1. - tryAdvance: size = 6
ForkJoinPool-1-worker-1: 1.2.1. - tryAdvance: size = 5
ForkJoinPool-1-worker-1: 1.2.1. - tryAdvance: size = 4
ForkJoinPool-1-worker-1: 1.2.1. - tryAdvance: size = 3
ForkJoinPool-1-worker-1: 1.2.1. - tryAdvance: size = 2
ForkJoinPool-1-worker-11: 1.1.1. - tryAdvance: size = 7
ForkJoinPool-1-worker-11: 1.1.1. - tryAdvance: size = 6
ForkJoinPool-1-worker-11: 1.1.1. - tryAdvance: size = 5
ForkJoinPool-1-worker-11: 1.1.1. - tryAdvance: size = 4
ForkJoinPool-1-worker-11: 1.1.1. - tryAdvance: size = 3
ForkJoinPool-1-worker-11: 1.1.1. - tryAdvance: size = 2
ForkJoinPool-1-worker-11: 1.1.1. - tryAdvance: size = 1
ForkJoinPool-1-worker-11: 1.1.1. - tryAdvance: size = 0
ForkJoinPool-1-worker-15: 1.4. - tryAdvance: size = 6
ForkJoinPool-1-worker-7: 1.1. - trySplit: splitted 1.1.3., size = 6
ForkJoinPool-1-worker-11: 1.1.1.1. - trySplit: splitted 1.1.1.1.1., size = 6
ForkJoinPool-1-worker-15: 1.4. - tryAdvance: size = 5
ForkJoinPool-1-worker-1: 1.2.1. - tryAdvance: size = 1
ForkJoinPool-1-worker-1: 1.2.1. - tryAdvance: size = 0
ForkJoinPool-1-worker-5: 1.1.2. - tryAdvance: size = 6
ForkJoinPool-1-worker-5: 1.1.2. - tryAdvance: size = 5
ForkJoinPool-1-worker-5: 1.1.2. - tryAdvance: size = 4
ForkJoinPool-1-worker-5: 1.1.2. - tryAdvance: size = 3
ForkJoinPool-1-worker-5: 1.1.2. - tryAdvance: size = 2
ForkJoinPool-1-worker-5: 1.1.2. - tryAdvance: size = 1
ForkJoinPool-1-worker-5: 1.1.2. - tryAdvance: size = 0
ForkJoinPool-1-worker-9: 1.2.1.1. - tryAdvance: size = 6
ForkJoinPool-1-worker-9: 1.2.1.1. - tryAdvance: size = 5
ForkJoinPool-1-worker-9: 1.2.1.1. - tryAdvance: size = 4
ForkJoinPool-1-worker-9: 1.2.1.1. - tryAdvance: size = 3
ForkJoinPool-1-worker-9: 1.2.1.1. - tryAdvance: size = 2
ForkJoinPool-1-worker-9: 1.2.1.1. - tryAdvance: size = 1
ForkJoinPool-1-worker-9: 1.2.1.1. - tryAdvance: size = 0
ForkJoinPool-1-worker-13: 1.3. - tryAdvance: size = 6
ForkJoinPool-1-worker-13: 1.3. - tryAdvance: size = 5
ForkJoinPool-1-worker-13: 1.3. - tryAdvance: size = 4
ForkJoinPool-1-worker-13: 1.3. - tryAdvance: size = 3
ForkJoinPool-1-worker-13: 1.3. - tryAdvance: size = 2
ForkJoinPool-1-worker-5: 1.1.2.1. - tryAdvance: size = 6
ForkJoinPool-1-worker-5: 1.1.2.1. - tryAdvance: size = 5
ForkJoinPool-1-worker-5: 1.1.2.1. - tryAdvance: size = 4
ForkJoinPool-1-worker-5: 1.1.2.1. - tryAdvance: size = 3
ForkJoinPool-1-worker-5: 1.1.2.1. - tryAdvance: size = 2
ForkJoinPool-1-worker-5: 1.1.2.1. - tryAdvance: size = 1
ForkJoinPool-1-worker-5: 1.1.2.1. - tryAdvance: size = 0
ForkJoinPool-1-worker-1: 1.2.2. - tryAdvance: size = 6
ForkJoinPool-1-worker-15: 1.4. - tryAdvance: size = 4
ForkJoinPool-1-worker-15: 1.4. - tryAdvance: size = 3
ForkJoinPool-1-worker-15: 1.4. - tryAdvance: size = 2
ForkJoinPool-1-worker-15: 1.4. - tryAdvance: size = 1
ForkJoinPool-1-worker-15: 1.4. - tryAdvance: size = 0
ForkJoinPool-1-worker-11: 1.1.1.1. - tryAdvance: size = 6
ForkJoinPool-1-worker-11: 1.1.1.1. - tryAdvance: size = 5
ForkJoinPool-1-worker-11: 1.1.1.1. - tryAdvance: size = 4
ForkJoinPool-1-worker-11: 1.1.1.1. - tryAdvance: size = 3
ForkJoinPool-1-worker-11: 1.1.1.1. - tryAdvance: size = 2
ForkJoinPool-1-worker-11: 1.1.1.1. - tryAdvance: size = 1
ForkJoinPool-1-worker-11: 1.1.1.1. - tryAdvance: size = 0
ForkJoinPool-1-worker-7: 1.1. - tryAdvance: size = 7
ForkJoinPool-1-worker-11: 1.1.1.1.1. - tryAdvance: size = 6
ForkJoinPool-1-worker-11: 1.1.1.1.1. - tryAdvance: size = 5
ForkJoinPool-1-worker-11: 1.1.1.1.1. - tryAdvance: size = 4
ForkJoinPool-1-worker-11: 1.1.1.1.1. - tryAdvance: size = 3
ForkJoinPool-1-worker-15: 1.1.1.2. - tryAdvance: size = 6
ForkJoinPool-1-worker-15: 1.1.1.2. - tryAdvance: size = 5
ForkJoinPool-1-worker-15: 1.1.1.2. - tryAdvance: size = 4
ForkJoinPool-1-worker-15: 1.1.1.2. - tryAdvance: size = 3
ForkJoinPool-1-worker-15: 1.1.1.2. - tryAdvance: size = 2
ForkJoinPool-1-worker-15: 1.1.1.2. - tryAdvance: size = 1
ForkJoinPool-1-worker-15: 1.1.1.2. - tryAdvance: size = 0
ForkJoinPool-1-worker-5: 1.1.3. - tryAdvance: size = 6
ForkJoinPool-1-worker-15: 1.3.1. - tryAdvance: size = 6
ForkJoinPool-1-worker-15: 1.3.1. - tryAdvance: size = 5
ForkJoinPool-1-worker-15: 1.3.1. - tryAdvance: size = 4
ForkJoinPool-1-worker-15: 1.3.1. - tryAdvance: size = 3
ForkJoinPool-1-worker-15: 1.3.1. - tryAdvance: size = 2
ForkJoinPool-1-worker-1: 1.2.2. - tryAdvance: size = 5
ForkJoinPool-1-worker-1: 1.2.2. - tryAdvance: size = 4
ForkJoinPool-1-worker-1: 1.2.2. - tryAdvance: size = 3
ForkJoinPool-1-worker-1: 1.2.2. - tryAdvance: size = 2
ForkJoinPool-1-worker-13: 1.3. - tryAdvance: size = 1
ForkJoinPool-1-worker-1: 1.2.2. - tryAdvance: size = 1
ForkJoinPool-1-worker-15: 1.3.1. - tryAdvance: size = 1
ForkJoinPool-1-worker-5: 1.1.3. - tryAdvance: size = 5
ForkJoinPool-1-worker-5: 1.1.3. - tryAdvance: size = 4
ForkJoinPool-1-worker-11: 1.1.1.1.1. - tryAdvance: size = 2
ForkJoinPool-1-worker-7: 1.1. - tryAdvance: size = 6
ForkJoinPool-1-worker-11: 1.1.1.1.1. - tryAdvance: size = 1
ForkJoinPool-1-worker-5: 1.1.3. - tryAdvance: size = 3
ForkJoinPool-1-worker-15: 1.3.1. - tryAdvance: size = 0
ForkJoinPool-1-worker-1: 1.2.2. - tryAdvance: size = 0
ForkJoinPool-1-worker-13: 1.3. - tryAdvance: size = 0
ForkJoinPool-1-worker-5: 1.1.3. - tryAdvance: size = 2
ForkJoinPool-1-worker-11: 1.1.1.1.1. - tryAdvance: size = 0
ForkJoinPool-1-worker-7: 1.1. - tryAdvance: size = 5
ForkJoinPool-1-worker-5: 1.1.3. - tryAdvance: size = 1
ForkJoinPool-1-worker-5: 1.1.3. - tryAdvance: size = 0
ForkJoinPool-1-worker-7: 1.1. - tryAdvance: size = 4
ForkJoinPool-1-worker-7: 1.1. - tryAdvance: size = 3
ForkJoinPool-1-worker-7: 1.1. - tryAdvance: size = 2
ForkJoinPool-1-worker-7: 1.1. - tryAdvance: size = 1
ForkJoinPool-1-worker-7: 1.1. - tryAdvance: size = 0